\BOOKMARK [1][-]{section.1}{Week 5}{}% 1
\BOOKMARK [2][-]{subsection.1.1}{Norms}{section.1}% 2
\BOOKMARK [3][-]{subsubsection.1.1.1}{Induced Norm of a Matrix}{subsection.1.1}% 3
\BOOKMARK [3][-]{subsubsection.1.1.2}{2-Norm of a Matrix}{subsection.1.1}% 4
\BOOKMARK [3][-]{subsubsection.1.1.3}{Orthogonal Invariance}{subsection.1.1}% 5
\BOOKMARK [2][-]{subsection.1.2}{The Singular Value Decomposition \(of Non-Symmetic and Rectangular Matrices\)}{section.1}% 6
\BOOKMARK [3][-]{subsubsection.1.2.1}{The SVD and Principal Components}{subsection.1.2}% 7
\BOOKMARK [3][-]{subsubsection.1.2.2}{SVD and Principlal Component Regression}{subsection.1.2}% 8
\BOOKMARK [2][-]{subsection.1.3}{Ridge Regression}{section.1}% 9
\BOOKMARK [3][-]{subsubsection.1.3.1}{Overfitting Discussion}{subsection.1.3}% 10
\BOOKMARK [3][-]{subsubsection.1.3.2}{Ridge Regression Objective Function}{subsection.1.3}% 11
\BOOKMARK [3][-]{subsubsection.1.3.3}{Ridge Regression Estimates}{subsection.1.3}% 12
\BOOKMARK [1][-]{section.2}{Week 6 \(Quiz 1\)}{}% 13
\BOOKMARK [1][-]{section.3}{Week 7}{}% 14
\BOOKMARK [2][-]{subsection.3.1}{Introduction to Lasso}{section.3}% 15
\BOOKMARK [2][-]{subsection.3.2}{Coordinate Descent}{section.3}% 16
\BOOKMARK [1][-]{section.4}{Week 8/9}{}% 17
\BOOKMARK [2][-]{subsection.4.1}{Logistic Regression}{section.4}% 18
\BOOKMARK [3][-]{subsubsection.4.1.1}{Classification Boundaries}{subsection.4.1}% 19
\BOOKMARK [3][-]{subsubsection.4.1.2}{Separation and Remedies}{subsection.4.1}% 20
\BOOKMARK [2][-]{subsection.4.2}{Fitting Logistic Regression}{section.4}% 21
\BOOKMARK [3][-]{subsubsection.4.2.1}{Newton's Method}{subsection.4.2}% 22
\BOOKMARK [3][-]{subsubsection.4.2.2}{IRLS and Penalties}{subsection.4.2}% 23
\BOOKMARK [1][-]{section.5}{Week 10}{}% 24
\BOOKMARK [2][-]{subsection.5.1}{Evaluating Classifiers}{section.5}% 25
\BOOKMARK [3][-]{subsubsection.5.1.1}{Misclassification?}{subsection.5.1}% 26
\BOOKMARK [3][-]{subsubsection.5.1.2}{The Confusion Matrix}{subsection.5.1}% 27
